2025-10-19 16:31:18 [Test worker] INFO  ApiRequest - Performed POST (multipart) api/v1/authentication/signup
2025-10-19 16:31:19 [Test worker] INFO  ApiRequest - Response status: 201
2025-10-19 16:31:19 [Test worker] WARN  ApiRequest - Response is 

2025-10-19 16:31:19 [Test worker] INFO  ApiRequest - Performed DELETE manager-api/v1/customers
2025-10-19 16:31:19 [Test worker] WARN  ApiRequest - Response is 

2025-10-19 16:31:19 [Test worker] INFO  Version - HHH000412: Hibernate ORM core version 7.1.3.Final
2025-10-19 16:31:20 [Test worker] WARN  pooling - HHH10001002: Using built-in connection pool (not intended for production use)
2025-10-19 16:31:21 [Test worker] WARN  deprecation - HHH90000025: PostgreSQLDialect does not need to be specified explicitly using 'hibernate.dialect' (remove the property setting and it will be selected by default)
2025-10-19 16:31:21 [Test worker] INFO  pooling - HHH10001005: Database info:
	Database JDBC URL [jdbc:postgresql://46.149.69.114:54321/NBWallet]
	Database driver: PostgreSQL JDBC Driver
	Database dialect: PostgreSQLDialect
	Database version: 18.0
	Default catalog/schema: NBWallet/public
	Autocommit mode: false
	Isolation level: READ_COMMITTED
	JDBC fetch size: none
	Pool: DriverManagerConnectionProviderImpl
	Minimum pool size: 1
	Maximum pool size: 20
2025-10-19 16:31:23 [Test worker] INFO  JtaPlatformInitiator - HHH000489: No JTA platform available (set 'hibernate.transaction.jta.platform' to enable JTA platform integration)
2025-10-19 16:31:24 [Test worker] INFO  ApiRequest - Performed POST (multipart) api/v1/authentication/signup
2025-10-19 16:31:24 [Test worker] INFO  ApiRequest - Response status: 201
2025-10-19 16:31:24 [Test worker] WARN  ApiRequest - Response is 

2025-10-19 16:31:24 [Test worker] INFO  ApiRequest - Performed POST (multipart) api/v1/authentication/signup
2025-10-19 16:31:24 [Test worker] INFO  ApiRequest - Response status: 201
2025-10-19 16:31:24 [Test worker] WARN  ApiRequest - Response is 

2025-10-19 16:31:25 [Test worker] INFO  ApiRequest - Performed POST api/v1/account
2025-10-19 16:31:25 [Test worker] INFO  ApiRequest - Body is {"currency":1,"accountPlanId":3}
2025-10-19 16:31:25 [Test worker] WARN  ApiRequest - Response is 
{
    "id": 157,
    "number": "00000000155",
    "balance": 0,
    "currency": 1,
    "status": 0,
    "accountPlan": null,
    "accountTransactionLimit": null,
    "createdDate": "2025-10-19T11:31:25.3543298Z"
}
2025-10-19 16:31:25 [Test worker] INFO  ApiRequest - Performed POST api/v1/account
2025-10-19 16:31:25 [Test worker] INFO  ApiRequest - Body is {"currency":1,"accountPlanId":3}
2025-10-19 16:31:25 [Test worker] WARN  ApiRequest - Response is 
{
    "id": 158,
    "number": "00000000158",
    "balance": 0,
    "currency": 1,
    "status": 0,
    "accountPlan": null,
    "accountTransactionLimit": null,
    "createdDate": "2025-10-19T11:31:25.5465402Z"
}
2025-10-19 16:31:26 [Test worker] INFO  WebDriverThreadLocalContainer - No webdriver is bound to current thread: 1 - let's create a new webdriver
